{"/Users/ecasilla/development/ernie/hystrix/Hystrix.js/lib/Command.js":{"path":"/Users/ecasilla/development/ernie/hystrix/Hystrix.js/lib/Command.js","s":{"1":1,"2":1,"3":1,"4":1,"5":5,"6":5,"7":5,"8":5,"9":5,"10":5,"11":1,"12":1,"13":1,"14":1,"15":0,"16":1,"17":1,"18":23,"19":23,"20":23,"21":23,"22":23,"23":23,"24":0,"25":23,"26":23,"27":0,"28":0,"29":0,"30":0,"31":0,"32":0,"33":0,"34":0,"35":0,"36":23,"37":23,"38":0,"39":0,"40":0,"41":0,"42":1,"43":3,"44":1,"45":23,"46":0,"47":1,"48":1,"49":0,"50":1,"51":1,"52":1,"53":1,"54":1,"55":1,"56":1,"57":1,"58":1,"59":1,"60":1,"61":1,"62":1,"63":1,"64":1,"65":1,"66":1,"67":23,"68":23,"69":23,"70":23,"71":1,"72":23,"73":23,"74":23,"75":23,"76":23,"77":23,"78":23,"79":23,"80":23,"81":8,"82":8,"83":8,"84":1,"85":5,"86":5,"87":5,"88":5,"89":1,"90":4,"91":3,"92":1,"93":1,"94":5,"95":5,"96":5,"97":4,"98":5,"99":3,"100":2,"101":2,"102":1,"103":1,"104":1,"105":1,"106":1,"107":1,"108":1},"b":{"1":[5,5],"2":[5,0],"3":[1,0],"4":[0,1],"5":[0,23],"6":[0,23],"7":[0,0],"8":[23,0],"9":[0,0],"10":[0,3],"11":[3,3],"12":[0,23],"13":[0,1],"14":[1,0],"15":[1,1],"16":[1,0],"17":[1,0],"18":[23,0],"19":[23,23],"20":[23,23],"21":[23,23],"22":[23,21],"23":[23,21],"24":[23,23],"25":[23,23],"26":[23,23],"27":[1,4],"28":[3,1],"29":[1,0],"30":[4,1],"31":[3,2],"32":[1,1]},"f":{"1":1,"2":1,"3":1,"4":23,"5":3,"6":23,"7":1,"8":1,"9":23,"10":23,"11":8,"12":1,"13":5,"14":5,"15":5,"16":5,"17":2},"fnMap":{"1":{"name":"(anonymous_1)","line":8,"loc":{"start":{"line":8,"column":20},"end":{"line":8,"column":32}},"skip":true},"2":{"name":"defineProperties","line":8,"loc":{"start":{"line":8,"column":34},"end":{"line":8,"column":75}},"skip":true},"3":{"name":"(anonymous_3)","line":8,"loc":{"start":{"line":8,"column":358},"end":{"line":8,"column":406}},"skip":true},"4":{"name":"get","line":12,"loc":{"start":{"line":12,"column":11},"end":{"line":12,"column":38}},"skip":true},"5":{"name":"_interopRequireDefault","line":16,"loc":{"start":{"line":16,"column":0},"end":{"line":16,"column":37}},"skip":true},"6":{"name":"_classCallCheck","line":20,"loc":{"start":{"line":20,"column":0},"end":{"line":20,"column":48}},"skip":true},"7":{"name":"_inherits","line":24,"loc":{"start":{"line":24,"column":0},"end":{"line":24,"column":41}},"skip":true},"8":{"name":"(anonymous_8)","line":51,"loc":{"start":{"line":51,"column":15},"end":{"line":51,"column":40}}},"9":{"name":"Command","line":54,"loc":{"start":{"line":54,"column":2},"end":{"line":54,"column":25}}},"10":{"name":"setDefaults","line":64,"loc":{"start":{"line":64,"column":11},"end":{"line":64,"column":38}}},"11":{"name":"reportEvent","line":77,"loc":{"start":{"line":77,"column":11},"end":{"line":77,"column":43}}},"12":{"name":"isTimedOut","line":84,"loc":{"start":{"line":84,"column":11},"end":{"line":84,"column":33}}},"13":{"name":"errorWithFallback","line":93,"loc":{"start":{"line":93,"column":11},"end":{"line":93,"column":45}}},"14":{"name":"onceCB","line":95,"loc":{"start":{"line":95,"column":39},"end":{"line":95,"column":57}}},"15":{"name":"tryFallbackCb","line":106,"loc":{"start":{"line":106,"column":33},"end":{"line":106,"column":69}}},"16":{"name":"tryFallback","line":115,"loc":{"start":{"line":115,"column":11},"end":{"line":115,"column":43}}},"17":{"name":"fallbackCB","line":121,"loc":{"start":{"line":121,"column":35},"end":{"line":121,"column":68}}}},"statementMap":{"1":{"start":{"line":3,"column":0},"end":{"line":5,"column":3}},"2":{"start":{"line":8,"column":0},"end":{"line":8,"column":566},"skip":true},"3":{"start":{"line":8,"column":34},"end":{"line":8,"column":350},"skip":true},"4":{"start":{"line":8,"column":77},"end":{"line":8,"column":348},"skip":true},"5":{"start":{"line":8,"column":118},"end":{"line":8,"column":144},"skip":true},"6":{"start":{"line":8,"column":145},"end":{"line":8,"column":200},"skip":true},"7":{"start":{"line":8,"column":201},"end":{"line":8,"column":232},"skip":true},"8":{"start":{"line":8,"column":233},"end":{"line":8,"column":287},"skip":true},"9":{"start":{"line":8,"column":260},"end":{"line":8,"column":287},"skip":true},"10":{"start":{"line":8,"column":288},"end":{"line":8,"column":346},"skip":true},"11":{"start":{"line":8,"column":351},"end":{"line":8,"column":560},"skip":true},"12":{"start":{"line":8,"column":408},"end":{"line":8,"column":476},"skip":true},"13":{"start":{"line":8,"column":424},"end":{"line":8,"column":476},"skip":true},"14":{"start":{"line":8,"column":477},"end":{"line":8,"column":537},"skip":true},"15":{"start":{"line":8,"column":494},"end":{"line":8,"column":537},"skip":true},"16":{"start":{"line":8,"column":538},"end":{"line":8,"column":557},"skip":true},"17":{"start":{"line":12,"column":0},"end":{"line":12,"column":658},"skip":true},"18":{"start":{"line":12,"column":40},"end":{"line":12,"column":58},"skip":true},"19":{"start":{"line":12,"column":59},"end":{"line":12,"column":655},"skip":true},"20":{"start":{"line":12,"column":70},"end":{"line":12,"column":655},"skip":true},"21":{"start":{"line":12,"column":87},"end":{"line":12,"column":135},"skip":true},"22":{"start":{"line":12,"column":136},"end":{"line":12,"column":151},"skip":true},"23":{"start":{"line":12,"column":152},"end":{"line":12,"column":201},"skip":true},"24":{"start":{"line":12,"column":173},"end":{"line":12,"column":201},"skip":true},"25":{"start":{"line":12,"column":202},"end":{"line":12,"column":263},"skip":true},"26":{"start":{"line":12,"column":264},"end":{"line":12,"column":653},"skip":true},"27":{"start":{"line":12,"column":290},"end":{"line":12,"column":333},"skip":true},"28":{"start":{"line":12,"column":334},"end":{"line":12,"column":492},"skip":true},"29":{"start":{"line":12,"column":357},"end":{"line":12,"column":374},"skip":true},"30":{"start":{"line":12,"column":384},"end":{"line":12,"column":396},"skip":true},"31":{"start":{"line":12,"column":397},"end":{"line":12,"column":412},"skip":true},"32":{"start":{"line":12,"column":413},"end":{"line":12,"column":428},"skip":true},"33":{"start":{"line":12,"column":429},"end":{"line":12,"column":443},"skip":true},"34":{"start":{"line":12,"column":444},"end":{"line":12,"column":470},"skip":true},"35":{"start":{"line":12,"column":471},"end":{"line":12,"column":490},"skip":true},"36":{"start":{"line":12,"column":500},"end":{"line":12,"column":653},"skip":true},"37":{"start":{"line":12,"column":523},"end":{"line":12,"column":541},"skip":true},"38":{"start":{"line":12,"column":551},"end":{"line":12,"column":573},"skip":true},"39":{"start":{"line":12,"column":574},"end":{"line":12,"column":621},"skip":true},"40":{"start":{"line":12,"column":602},"end":{"line":12,"column":619},"skip":true},"41":{"start":{"line":12,"column":622},"end":{"line":12,"column":651},"skip":true},"42":{"start":{"line":16,"column":0},"end":{"line":16,"column":97},"skip":true},"43":{"start":{"line":16,"column":39},"end":{"line":16,"column":95},"skip":true},"44":{"start":{"line":20,"column":0},"end":{"line":20,"column":153},"skip":true},"45":{"start":{"line":20,"column":50},"end":{"line":20,"column":151},"skip":true},"46":{"start":{"line":20,"column":92},"end":{"line":20,"column":149},"skip":true},"47":{"start":{"line":24,"column":0},"end":{"line":24,"column":494},"skip":true},"48":{"start":{"line":24,"column":43},"end":{"line":24,"column":208},"skip":true},"49":{"start":{"line":24,"column":106},"end":{"line":24,"column":206},"skip":true},"50":{"start":{"line":24,"column":209},"end":{"line":24,"column":373},"skip":true},"51":{"start":{"line":24,"column":374},"end":{"line":24,"column":492},"skip":true},"52":{"start":{"line":24,"column":390},"end":{"line":24,"column":492},"skip":true},"53":{"start":{"line":26,"column":0},"end":{"line":26,"column":32}},"54":{"start":{"line":28,"column":0},"end":{"line":28,"column":47}},"55":{"start":{"line":30,"column":0},"end":{"line":30,"column":30}},"56":{"start":{"line":32,"column":0},"end":{"line":32,"column":45}},"57":{"start":{"line":34,"column":0},"end":{"line":34,"column":32}},"58":{"start":{"line":36,"column":0},"end":{"line":36,"column":47}},"59":{"start":{"line":38,"column":0},"end":{"line":38,"column":34}},"60":{"start":{"line":40,"column":0},"end":{"line":40,"column":43}},"61":{"start":{"line":42,"column":0},"end":{"line":42,"column":68}},"62":{"start":{"line":44,"column":0},"end":{"line":44,"column":62}},"63":{"start":{"line":46,"column":0},"end":{"line":46,"column":53}},"64":{"start":{"line":51,"column":0},"end":{"line":134,"column":24}},"65":{"start":{"line":52,"column":2},"end":{"line":52,"column":36}},"66":{"start":{"line":54,"column":2},"end":{"line":60,"column":3}},"67":{"start":{"line":55,"column":4},"end":{"line":55,"column":35}},"68":{"start":{"line":57,"column":4},"end":{"line":57,"column":83}},"69":{"start":{"line":58,"column":4},"end":{"line":58,"column":27}},"70":{"start":{"line":59,"column":4},"end":{"line":59,"column":58}},"71":{"start":{"line":62,"column":2},"end":{"line":131,"column":6}},"72":{"start":{"line":65,"column":6},"end":{"line":65,"column":50}},"73":{"start":{"line":66,"column":6},"end":{"line":66,"column":38}},"74":{"start":{"line":67,"column":6},"end":{"line":67,"column":38}},"75":{"start":{"line":68,"column":6},"end":{"line":68,"column":42}},"76":{"start":{"line":69,"column":6},"end":{"line":69,"column":34}},"77":{"start":{"line":70,"column":6},"end":{"line":70,"column":44}},"78":{"start":{"line":71,"column":6},"end":{"line":71,"column":50}},"79":{"start":{"line":72,"column":6},"end":{"line":72,"column":38}},"80":{"start":{"line":73,"column":6},"end":{"line":73,"column":45}},"81":{"start":{"line":78,"column":6},"end":{"line":78,"column":56}},"82":{"start":{"line":79,"column":6},"end":{"line":79,"column":54}},"83":{"start":{"line":80,"column":6},"end":{"line":80,"column":41}},"84":{"start":{"line":85,"column":6},"end":{"line":85,"column":27}},"85":{"start":{"line":94,"column":6},"end":{"line":94,"column":72}},"86":{"start":{"line":95,"column":6},"end":{"line":111,"column":23}},"87":{"start":{"line":96,"column":8},"end":{"line":96,"column":34}},"88":{"start":{"line":97,"column":8},"end":{"line":103,"column":9}},"89":{"start":{"line":98,"column":10},"end":{"line":98,"column":38}},"90":{"start":{"line":99,"column":15},"end":{"line":103,"column":9}},"91":{"start":{"line":100,"column":10},"end":{"line":100,"column":33}},"92":{"start":{"line":101,"column":15},"end":{"line":103,"column":9}},"93":{"start":{"line":102,"column":10},"end":{"line":102,"column":32}},"94":{"start":{"line":105,"column":8},"end":{"line":105,"column":36}},"95":{"start":{"line":106,"column":8},"end":{"line":110,"column":23}},"96":{"start":{"line":107,"column":10},"end":{"line":109,"column":11}},"97":{"start":{"line":108,"column":12},"end":{"line":108,"column":67}},"98":{"start":{"line":116,"column":6},"end":{"line":119,"column":7}},"99":{"start":{"line":118,"column":8},"end":{"line":118,"column":25}},"100":{"start":{"line":121,"column":6},"end":{"line":129,"column":21}},"101":{"start":{"line":122,"column":8},"end":{"line":128,"column":9}},"102":{"start":{"line":123,"column":10},"end":{"line":123,"column":47}},"103":{"start":{"line":124,"column":10},"end":{"line":124,"column":102}},"104":{"start":{"line":126,"column":10},"end":{"line":126,"column":47}},"105":{"start":{"line":127,"column":10},"end":{"line":127,"column":26}},"106":{"start":{"line":133,"column":2},"end":{"line":133,"column":17}},"107":{"start":{"line":136,"column":0},"end":{"line":136,"column":29}},"108":{"start":{"line":137,"column":0},"end":{"line":137,"column":36}}},"branchMap":{"1":{"line":8,"type":"binary-expr","locations":[{"start":{"line":8,"column":169},"end":{"line":8,"column":190},"skip":true},{"start":{"line":8,"column":194},"end":{"line":8,"column":199},"skip":true}]},"2":{"line":8,"type":"if","locations":[{"start":{"line":8,"column":233},"end":{"line":8,"column":233},"skip":true},{"start":{"line":8,"column":233},"end":{"line":8,"column":233},"skip":true}]},"3":{"line":8,"type":"if","locations":[{"start":{"line":8,"column":408},"end":{"line":8,"column":408},"skip":true},{"start":{"line":8,"column":408},"end":{"line":8,"column":408},"skip":true}]},"4":{"line":8,"type":"if","locations":[{"start":{"line":8,"column":477},"end":{"line":8,"column":477},"skip":true},{"start":{"line":8,"column":477},"end":{"line":8,"column":477},"skip":true}]},"5":{"line":12,"type":"if","locations":[{"start":{"line":12,"column":152},"end":{"line":12,"column":152},"skip":true},{"start":{"line":12,"column":152},"end":{"line":12,"column":152},"skip":true}]},"6":{"line":12,"type":"if","locations":[{"start":{"line":12,"column":264},"end":{"line":12,"column":264},"skip":true},{"start":{"line":12,"column":264},"end":{"line":12,"column":264},"skip":true}]},"7":{"line":12,"type":"if","locations":[{"start":{"line":12,"column":334},"end":{"line":12,"column":334},"skip":true},{"start":{"line":12,"column":334},"end":{"line":12,"column":334},"skip":true}]},"8":{"line":12,"type":"if","locations":[{"start":{"line":12,"column":500},"end":{"line":12,"column":500},"skip":true},{"start":{"line":12,"column":500},"end":{"line":12,"column":500},"skip":true}]},"9":{"line":12,"type":"if","locations":[{"start":{"line":12,"column":574},"end":{"line":12,"column":574},"skip":true},{"start":{"line":12,"column":574},"end":{"line":12,"column":574},"skip":true}]},"10":{"line":16,"type":"cond-expr","locations":[{"start":{"line":16,"column":70},"end":{"line":16,"column":73},"skip":true},{"start":{"line":16,"column":76},"end":{"line":16,"column":94},"skip":true}]},"11":{"line":16,"type":"binary-expr","locations":[{"start":{"line":16,"column":46},"end":{"line":16,"column":49},"skip":true},{"start":{"line":16,"column":53},"end":{"line":16,"column":67},"skip":true}]},"12":{"line":20,"type":"if","locations":[{"start":{"line":20,"column":50},"end":{"line":20,"column":50},"skip":true},{"start":{"line":20,"column":50},"end":{"line":20,"column":50},"skip":true}]},"13":{"line":24,"type":"if","locations":[{"start":{"line":24,"column":43},"end":{"line":24,"column":43},"skip":true},{"start":{"line":24,"column":43},"end":{"line":24,"column":43},"skip":true}]},"14":{"line":24,"type":"binary-expr","locations":[{"start":{"line":24,"column":47},"end":{"line":24,"column":79},"skip":true},{"start":{"line":24,"column":83},"end":{"line":24,"column":102},"skip":true}]},"15":{"line":24,"type":"binary-expr","locations":[{"start":{"line":24,"column":244},"end":{"line":24,"column":254},"skip":true},{"start":{"line":24,"column":258},"end":{"line":24,"column":278},"skip":true}]},"16":{"line":24,"type":"if","locations":[{"start":{"line":24,"column":374},"end":{"line":24,"column":374},"skip":true},{"start":{"line":24,"column":374},"end":{"line":24,"column":374},"skip":true}]},"17":{"line":24,"type":"cond-expr","locations":[{"start":{"line":24,"column":414},"end":{"line":24,"column":457},"skip":true},{"start":{"line":24,"column":460},"end":{"line":24,"column":491},"skip":true}]},"18":{"line":65,"type":"binary-expr","locations":[{"start":{"line":65,"column":25},"end":{"line":65,"column":41}},{"start":{"line":65,"column":45},"end":{"line":65,"column":49}}]},"19":{"line":66,"type":"binary-expr","locations":[{"start":{"line":66,"column":20},"end":{"line":66,"column":31}},{"start":{"line":66,"column":35},"end":{"line":66,"column":37}}]},"20":{"line":67,"type":"binary-expr","locations":[{"start":{"line":67,"column":19},"end":{"line":67,"column":29}},{"start":{"line":67,"column":33},"end":{"line":67,"column":37}}]},"21":{"line":68,"type":"binary-expr","locations":[{"start":{"line":68,"column":21},"end":{"line":68,"column":33}},{"start":{"line":68,"column":37},"end":{"line":68,"column":41}}]},"22":{"line":69,"type":"binary-expr","locations":[{"start":{"line":69,"column":17},"end":{"line":69,"column":25}},{"start":{"line":69,"column":29},"end":{"line":69,"column":33}}]},"23":{"line":70,"type":"binary-expr","locations":[{"start":{"line":70,"column":22},"end":{"line":70,"column":35}},{"start":{"line":70,"column":39},"end":{"line":70,"column":43}}]},"24":{"line":71,"type":"binary-expr","locations":[{"start":{"line":71,"column":25},"end":{"line":71,"column":41}},{"start":{"line":71,"column":45},"end":{"line":71,"column":49}}]},"25":{"line":72,"type":"binary-expr","locations":[{"start":{"line":72,"column":20},"end":{"line":72,"column":31}},{"start":{"line":72,"column":35},"end":{"line":72,"column":37}}]},"26":{"line":73,"type":"binary-expr","locations":[{"start":{"line":73,"column":22},"end":{"line":73,"column":35}},{"start":{"line":73,"column":39},"end":{"line":73,"column":44}}]},"27":{"line":97,"type":"if","locations":[{"start":{"line":97,"column":8},"end":{"line":97,"column":8}},{"start":{"line":97,"column":8},"end":{"line":97,"column":8}}]},"28":{"line":99,"type":"if","locations":[{"start":{"line":99,"column":15},"end":{"line":99,"column":15}},{"start":{"line":99,"column":15},"end":{"line":99,"column":15}}]},"29":{"line":101,"type":"if","locations":[{"start":{"line":101,"column":15},"end":{"line":101,"column":15}},{"start":{"line":101,"column":15},"end":{"line":101,"column":15}}]},"30":{"line":107,"type":"if","locations":[{"start":{"line":107,"column":10},"end":{"line":107,"column":10}},{"start":{"line":107,"column":10},"end":{"line":107,"column":10}}]},"31":{"line":116,"type":"if","locations":[{"start":{"line":116,"column":6},"end":{"line":116,"column":6}},{"start":{"line":116,"column":6},"end":{"line":116,"column":6}}]},"32":{"line":122,"type":"if","locations":[{"start":{"line":122,"column":8},"end":{"line":122,"column":8}},{"start":{"line":122,"column":8},"end":{"line":122,"column":8}}]}}},"/Users/ecasilla/development/ernie/hystrix/Hystrix.js/lib/errors/index.js":{"path":"/Users/ecasilla/development/ernie/hystrix/Hystrix.js/lib/errors/index.js","s":{"1":1},"b":{},"f":{},"fnMap":{},"statementMap":{"1":{"start":{"line":3,"column":0},"end":{"line":5,"column":2}}},"branchMap":{}},"/Users/ecasilla/development/ernie/hystrix/Hystrix.js/lib/errors/CircuitError.js":{"path":"/Users/ecasilla/development/ernie/hystrix/Hystrix.js/lib/errors/CircuitError.js","s":{"1":1,"2":1,"3":10,"4":10,"5":10,"6":10,"7":10,"8":10,"9":0,"10":10,"11":10,"12":0,"13":0,"14":0,"15":0,"16":0,"17":0,"18":0,"19":0,"20":0,"21":10,"22":10,"23":0,"24":0,"25":0,"26":0,"27":1,"28":10,"29":0,"30":1,"31":1,"32":0,"33":1,"34":1,"35":1,"36":1,"37":1,"38":1,"39":10,"40":10,"41":10,"42":10,"43":10,"44":10,"45":1,"46":1,"47":1},"b":{"1":[0,10],"2":[0,10],"3":[0,0],"4":[10,0],"5":[0,0],"6":[0,10],"7":[0,1],"8":[1,0],"9":[1,1],"10":[1,0],"11":[1,0],"12":[10,8]},"f":{"1":10,"2":10,"3":1,"4":1,"5":10},"fnMap":{"1":{"name":"get","line":8,"loc":{"start":{"line":8,"column":11},"end":{"line":8,"column":38}},"skip":true},"2":{"name":"_classCallCheck","line":12,"loc":{"start":{"line":12,"column":0},"end":{"line":12,"column":48}},"skip":true},"3":{"name":"_inherits","line":16,"loc":{"start":{"line":16,"column":0},"end":{"line":16,"column":41}},"skip":true},"4":{"name":"(anonymous_4)","line":18,"loc":{"start":{"line":18,"column":20},"end":{"line":18,"column":38}}},"5":{"name":"CircuitError","line":21,"loc":{"start":{"line":21,"column":2},"end":{"line":21,"column":40}}}},"statementMap":{"1":{"start":{"line":3,"column":0},"end":{"line":5,"column":3}},"2":{"start":{"line":8,"column":0},"end":{"line":8,"column":658},"skip":true},"3":{"start":{"line":8,"column":40},"end":{"line":8,"column":58},"skip":true},"4":{"start":{"line":8,"column":59},"end":{"line":8,"column":655},"skip":true},"5":{"start":{"line":8,"column":70},"end":{"line":8,"column":655},"skip":true},"6":{"start":{"line":8,"column":87},"end":{"line":8,"column":135},"skip":true},"7":{"start":{"line":8,"column":136},"end":{"line":8,"column":151},"skip":true},"8":{"start":{"line":8,"column":152},"end":{"line":8,"column":201},"skip":true},"9":{"start":{"line":8,"column":173},"end":{"line":8,"column":201},"skip":true},"10":{"start":{"line":8,"column":202},"end":{"line":8,"column":263},"skip":true},"11":{"start":{"line":8,"column":264},"end":{"line":8,"column":653},"skip":true},"12":{"start":{"line":8,"column":290},"end":{"line":8,"column":333},"skip":true},"13":{"start":{"line":8,"column":334},"end":{"line":8,"column":492},"skip":true},"14":{"start":{"line":8,"column":357},"end":{"line":8,"column":374},"skip":true},"15":{"start":{"line":8,"column":384},"end":{"line":8,"column":396},"skip":true},"16":{"start":{"line":8,"column":397},"end":{"line":8,"column":412},"skip":true},"17":{"start":{"line":8,"column":413},"end":{"line":8,"column":428},"skip":true},"18":{"start":{"line":8,"column":429},"end":{"line":8,"column":443},"skip":true},"19":{"start":{"line":8,"column":444},"end":{"line":8,"column":470},"skip":true},"20":{"start":{"line":8,"column":471},"end":{"line":8,"column":490},"skip":true},"21":{"start":{"line":8,"column":500},"end":{"line":8,"column":653},"skip":true},"22":{"start":{"line":8,"column":523},"end":{"line":8,"column":541},"skip":true},"23":{"start":{"line":8,"column":551},"end":{"line":8,"column":573},"skip":true},"24":{"start":{"line":8,"column":574},"end":{"line":8,"column":621},"skip":true},"25":{"start":{"line":8,"column":602},"end":{"line":8,"column":619},"skip":true},"26":{"start":{"line":8,"column":622},"end":{"line":8,"column":651},"skip":true},"27":{"start":{"line":12,"column":0},"end":{"line":12,"column":153},"skip":true},"28":{"start":{"line":12,"column":50},"end":{"line":12,"column":151},"skip":true},"29":{"start":{"line":12,"column":92},"end":{"line":12,"column":149},"skip":true},"30":{"start":{"line":16,"column":0},"end":{"line":16,"column":494},"skip":true},"31":{"start":{"line":16,"column":43},"end":{"line":16,"column":208},"skip":true},"32":{"start":{"line":16,"column":106},"end":{"line":16,"column":206},"skip":true},"33":{"start":{"line":16,"column":209},"end":{"line":16,"column":373},"skip":true},"34":{"start":{"line":16,"column":374},"end":{"line":16,"column":492},"skip":true},"35":{"start":{"line":16,"column":390},"end":{"line":16,"column":492},"skip":true},"36":{"start":{"line":18,"column":0},"end":{"line":32,"column":10}},"37":{"start":{"line":19,"column":2},"end":{"line":19,"column":34}},"38":{"start":{"line":21,"column":2},"end":{"line":29,"column":3}},"39":{"start":{"line":22,"column":4},"end":{"line":22,"column":40}},"40":{"start":{"line":24,"column":4},"end":{"line":24,"column":88}},"41":{"start":{"line":25,"column":4},"end":{"line":25,"column":52}},"42":{"start":{"line":26,"column":4},"end":{"line":26,"column":38}},"43":{"start":{"line":27,"column":4},"end":{"line":27,"column":41}},"44":{"start":{"line":28,"column":4},"end":{"line":28,"column":31}},"45":{"start":{"line":31,"column":2},"end":{"line":31,"column":22}},"46":{"start":{"line":34,"column":0},"end":{"line":34,"column":34}},"47":{"start":{"line":35,"column":0},"end":{"line":35,"column":36}}},"branchMap":{"1":{"line":8,"type":"if","locations":[{"start":{"line":8,"column":152},"end":{"line":8,"column":152},"skip":true},{"start":{"line":8,"column":152},"end":{"line":8,"column":152},"skip":true}]},"2":{"line":8,"type":"if","locations":[{"start":{"line":8,"column":264},"end":{"line":8,"column":264},"skip":true},{"start":{"line":8,"column":264},"end":{"line":8,"column":264},"skip":true}]},"3":{"line":8,"type":"if","locations":[{"start":{"line":8,"column":334},"end":{"line":8,"column":334},"skip":true},{"start":{"line":8,"column":334},"end":{"line":8,"column":334},"skip":true}]},"4":{"line":8,"type":"if","locations":[{"start":{"line":8,"column":500},"end":{"line":8,"column":500},"skip":true},{"start":{"line":8,"column":500},"end":{"line":8,"column":500},"skip":true}]},"5":{"line":8,"type":"if","locations":[{"start":{"line":8,"column":574},"end":{"line":8,"column":574},"skip":true},{"start":{"line":8,"column":574},"end":{"line":8,"column":574},"skip":true}]},"6":{"line":12,"type":"if","locations":[{"start":{"line":12,"column":50},"end":{"line":12,"column":50},"skip":true},{"start":{"line":12,"column":50},"end":{"line":12,"column":50},"skip":true}]},"7":{"line":16,"type":"if","locations":[{"start":{"line":16,"column":43},"end":{"line":16,"column":43},"skip":true},{"start":{"line":16,"column":43},"end":{"line":16,"column":43},"skip":true}]},"8":{"line":16,"type":"binary-expr","locations":[{"start":{"line":16,"column":47},"end":{"line":16,"column":79},"skip":true},{"start":{"line":16,"column":83},"end":{"line":16,"column":102},"skip":true}]},"9":{"line":16,"type":"binary-expr","locations":[{"start":{"line":16,"column":244},"end":{"line":16,"column":254},"skip":true},{"start":{"line":16,"column":258},"end":{"line":16,"column":278},"skip":true}]},"10":{"line":16,"type":"if","locations":[{"start":{"line":16,"column":374},"end":{"line":16,"column":374},"skip":true},{"start":{"line":16,"column":374},"end":{"line":16,"column":374},"skip":true}]},"11":{"line":16,"type":"cond-expr","locations":[{"start":{"line":16,"column":414},"end":{"line":16,"column":457},"skip":true},{"start":{"line":16,"column":460},"end":{"line":16,"column":491},"skip":true}]},"12":{"line":28,"type":"binary-expr","locations":[{"start":{"line":28,"column":17},"end":{"line":28,"column":22}},{"start":{"line":28,"column":26},"end":{"line":28,"column":30}}]}}}}