TN:
SF:/Users/ecasilla/development/ernie/hystrix/Hystrix.js/lib/Command.js
FN:8,(anonymous_1)
FN:8,defineProperties
FN:8,(anonymous_3)
FN:12,get
FN:16,_interopRequireDefault
FN:20,_classCallCheck
FN:24,_inherits
FN:51,(anonymous_8)
FN:54,Command
FN:64,setDefaults
FN:77,reportEvent
FN:84,isTimedOut
FN:93,errorWithFallback
FN:95,onceCB
FN:106,tryFallbackCb
FN:115,tryFallback
FN:121,fallbackCB
FNF:17
FNH:17
FNDA:1,(anonymous_1)
FNDA:1,defineProperties
FNDA:1,(anonymous_3)
FNDA:23,get
FNDA:3,_interopRequireDefault
FNDA:23,_classCallCheck
FNDA:1,_inherits
FNDA:1,(anonymous_8)
FNDA:23,Command
FNDA:23,setDefaults
FNDA:8,reportEvent
FNDA:1,isTimedOut
FNDA:5,errorWithFallback
FNDA:5,onceCB
FNDA:5,tryFallbackCb
FNDA:5,tryFallback
FNDA:2,fallbackCB
DA:3,1
DA:8,5
DA:12,23
DA:16,3
DA:20,23
DA:24,1
DA:26,1
DA:28,1
DA:30,1
DA:32,1
DA:34,1
DA:36,1
DA:38,1
DA:40,1
DA:42,1
DA:44,1
DA:46,1
DA:51,1
DA:52,1
DA:54,1
DA:55,23
DA:57,23
DA:58,23
DA:59,23
DA:62,1
DA:65,23
DA:66,23
DA:67,23
DA:68,23
DA:69,23
DA:70,23
DA:71,23
DA:72,23
DA:73,23
DA:78,8
DA:79,8
DA:80,8
DA:85,1
DA:94,5
DA:95,5
DA:96,5
DA:97,5
DA:98,1
DA:99,4
DA:100,3
DA:101,1
DA:102,1
DA:105,5
DA:106,5
DA:107,5
DA:108,4
DA:116,5
DA:118,3
DA:121,2
DA:122,2
DA:123,1
DA:124,1
DA:126,1
DA:127,1
DA:133,1
DA:136,1
DA:137,1
LF:62
LH:62
BRDA:8,1,0,5
BRDA:8,1,1,5
BRDA:8,2,0,5
BRDA:8,2,1,0
BRDA:8,3,0,1
BRDA:8,3,1,0
BRDA:8,4,0,0
BRDA:8,4,1,1
BRDA:12,5,0,0
BRDA:12,5,1,23
BRDA:12,6,0,0
BRDA:12,6,1,23
BRDA:12,7,0,0
BRDA:12,7,1,0
BRDA:12,8,0,23
BRDA:12,8,1,0
BRDA:12,9,0,0
BRDA:12,9,1,0
BRDA:16,10,0,0
BRDA:16,10,1,3
BRDA:16,11,0,3
BRDA:16,11,1,3
BRDA:20,12,0,0
BRDA:20,12,1,23
BRDA:24,13,0,0
BRDA:24,13,1,1
BRDA:24,14,0,1
BRDA:24,14,1,0
BRDA:24,15,0,1
BRDA:24,15,1,1
BRDA:24,16,0,1
BRDA:24,16,1,0
BRDA:24,17,0,1
BRDA:24,17,1,0
BRDA:65,18,0,23
BRDA:65,18,1,0
BRDA:66,19,0,23
BRDA:66,19,1,23
BRDA:67,20,0,23
BRDA:67,20,1,23
BRDA:68,21,0,23
BRDA:68,21,1,23
BRDA:69,22,0,23
BRDA:69,22,1,21
BRDA:70,23,0,23
BRDA:70,23,1,21
BRDA:71,24,0,23
BRDA:71,24,1,23
BRDA:72,25,0,23
BRDA:72,25,1,23
BRDA:73,26,0,23
BRDA:73,26,1,23
BRDA:97,27,0,1
BRDA:97,27,1,4
BRDA:99,28,0,3
BRDA:99,28,1,1
BRDA:101,29,0,1
BRDA:101,29,1,0
BRDA:107,30,0,4
BRDA:107,30,1,1
BRDA:116,31,0,3
BRDA:116,31,1,2
BRDA:122,32,0,1
BRDA:122,32,1,1
BRF:64
BRH:62
end_of_record
TN:
SF:/Users/ecasilla/development/ernie/hystrix/Hystrix.js/lib/errors/index.js
FNF:0
FNH:0
DA:3,1
LF:1
LH:1
BRF:0
BRH:0
end_of_record
TN:
SF:/Users/ecasilla/development/ernie/hystrix/Hystrix.js/lib/errors/CircuitError.js
FN:8,get
FN:12,_classCallCheck
FN:16,_inherits
FN:18,(anonymous_4)
FN:21,CircuitError
FNF:5
FNH:5
FNDA:10,get
FNDA:10,_classCallCheck
FNDA:1,_inherits
FNDA:1,(anonymous_4)
FNDA:10,CircuitError
DA:3,1
DA:8,10
DA:12,10
DA:16,1
DA:18,1
DA:19,1
DA:21,1
DA:22,10
DA:24,10
DA:25,10
DA:26,10
DA:27,10
DA:28,10
DA:31,1
DA:34,1
DA:35,1
LF:16
LH:16
BRDA:8,1,0,0
BRDA:8,1,1,10
BRDA:8,2,0,0
BRDA:8,2,1,10
BRDA:8,3,0,0
BRDA:8,3,1,0
BRDA:8,4,0,10
BRDA:8,4,1,0
BRDA:8,5,0,0
BRDA:8,5,1,0
BRDA:12,6,0,0
BRDA:12,6,1,10
BRDA:16,7,0,0
BRDA:16,7,1,1
BRDA:16,8,0,1
BRDA:16,8,1,0
BRDA:16,9,0,1
BRDA:16,9,1,1
BRDA:16,10,0,1
BRDA:16,10,1,0
BRDA:16,11,0,1
BRDA:16,11,1,0
BRDA:28,12,0,10
BRDA:28,12,1,8
BRF:24
BRH:24
end_of_record
